Build started 19/03/2015 15:44:18.
     1>Project "M:\C++\CS22510\CS22510\CS22510.vcxproj" on node 2 (Rebuild target(s)).
     1>ClCompile:
         C:\Program Files\Microsoft Visual Studio 11.0\VC\bin\CL.exe /c /ZI /nologo /W3 /WX- /sdl /Od /Oy- /D WIN32 /D _DEBUG /D _CONSOLE /D _UNICODE /D UNICODE /Gm /EHsc /RTC1 /MDd /GS /fp:precise /Zc:wchar_t /Zc:forScope /Yc"stdafx.h" /Fp"Debug\CS22510.pch" /Fo"Debug\\" /Fd"Debug\vc110.pdb" /Gd /TP /analyze- /errorReport:prompt stdafx.cpp
         stdafx.cpp
         C:\Program Files\Microsoft Visual Studio 11.0\VC\bin\CL.exe /c /ZI /nologo /W3 /WX- /sdl /Od /Oy- /D WIN32 /D _DEBUG /D _CONSOLE /D _UNICODE /D UNICODE /Gm /EHsc /RTC1 /MDd /GS /fp:precise /Zc:wchar_t /Zc:forScope /Fo"Debug\\" /Fd"Debug\vc110.pdb" /Gd /TP /analyze- /errorReport:prompt Aphid.cpp Cell.cpp LadyBird.cpp CS22510.cpp BoardConfig.cpp
         BoardConfig.cpp
         CS22510.cpp
         LadyBird.cpp
         Cell.cpp
         Aphid.cpp
         Generating Code...
       ResourceCompile:
         C:\Program Files\Windows Kits\8.0\bin\x86\rc.exe /D _UNICODE /D UNICODE /l"0x0409" /nologo /fo"Debug\CS22510.res" CS22510.rc 
       Link:
         C:\Program Files\Microsoft Visual Studio 11.0\VC\bin\link.exe /ERRORREPORT:PROMPT /OUT:"M:\C++\CS22510\Debug\CS22510.exe" /INCREMENTAL /NOLOGO kernel32.lib user32.lib gdi32.lib winspool.lib comdlg32.lib advapi32.lib shell32.lib ole32.lib oleaut32.lib uuid.lib odbc32.lib odbccp32.lib /MANIFEST /MANIFESTUAC:"level='asInvoker' uiAccess='false'" /manifest:embed /DEBUG /PDB:"M:\C++\CS22510\Debug\CS22510.pdb" /SUBSYSTEM:CONSOLE /LARGEADDRESSAWARE /TLBID:1 /DYNAMICBASE /NXCOMPAT /IMPLIB:"M:\C++\CS22510\Debug\CS22510.lib" /MACHINE:X86 Debug\CS22510.res
         Debug\Aphid.obj
         Debug\Cell.obj
         Debug\LadyBird.obj
         Debug\CS22510.obj
         Debug\BoardConfig.obj
         Debug\stdafx.obj
         CS22510.vcxproj -> M:\C++\CS22510\Debug\CS22510.exe
     1>Done Building Project "M:\C++\CS22510\CS22510\CS22510.vcxproj" (Rebuild target(s)).

Build succeeded.

Time Elapsed 00:00:04.57
