M:\C++\CS22510\CS22510\DEBUG\CS22510.RES
M:\C++\CS22510\CS22510\DEBUG\CS22510.PCH
M:\C++\CS22510\CS22510\DEBUG\STDAFX.OBJ
M:\C++\CS22510\CS22510\DEBUG\VC110.PDB
M:\C++\CS22510\CS22510\DEBUG\APHID.OBJ
M:\C++\CS22510\CS22510\DEBUG\CELL.OBJ
M:\C++\CS22510\CS22510\DEBUG\LADYBIRD.OBJ
M:\C++\CS22510\CS22510\DEBUG\CS22510.OBJ
M:\C++\CS22510\CS22510\DEBUG\BOARDCONFIG.OBJ
M:\C++\CS22510\DEBUG\CS22510.ILK
M:\C++\CS22510\DEBUG\CS22510.EXE
M:\C++\CS22510\DEBUG\CS22510.PDB
M:\C++\CS22510\CS22510\Debug\LadyBird.obj
M:\C++\CS22510\CS22510\Debug\BoardConfig.obj
M:\C++\CS22510\CS22510\Debug\stdafx.obj
M:\C++\CS22510\CS22510\Debug\Cell.obj
M:\C++\CS22510\CS22510\Debug\Aphid.obj
M:\C++\CS22510\CS22510\Debug\CS22510.obj
M:\C++\CS22510\CS22510\Debug\rc.command.1.tlog
M:\C++\CS22510\CS22510\Debug\link.read.1.tlog
M:\C++\CS22510\CS22510\Debug\link-cvtres.read.1.tlog
M:\C++\CS22510\CS22510\Debug\cl.command.1.tlog
M:\C++\CS22510\CS22510\Debug\link-cvtres.write.1.tlog
M:\C++\CS22510\CS22510\Debug\link.command.1.tlog
M:\C++\CS22510\CS22510\Debug\rc.write.1.tlog
M:\C++\CS22510\CS22510\Debug\rc.read.1.tlog
M:\C++\CS22510\CS22510\Debug\link-rc.read.1.tlog
M:\C++\CS22510\CS22510\Debug\CL.write.1.tlog
M:\C++\CS22510\CS22510\Debug\CL.read.1.tlog
M:\C++\CS22510\CS22510\Debug\link-rc.write.1.tlog
M:\C++\CS22510\CS22510\Debug\link.write.1.tlog
M:\C++\CS22510\CS22510\Debug\CS22510.res
M:\C++\CS22510\CS22510\Debug\CS22510.pch
M:\C++\CS22510\CS22510\Debug\vc110.idb
M:\C++\CS22510\CS22510\Debug\vc110.pdb
M:\C++\CS22510\Debug\CS22510.pdb
M:\C++\CS22510\Debug\CS22510.exe
M:\C++\CS22510\Debug\CS22510.ilk
